2022-05-29T22:32:48.987Z [store-api] error POST  - Unexpected token } in JSON at position 104
2022-05-29T22:34:35.255Z [store-api] error POST  - Name, CPF, Phone, Email and Address are mandatory
2022-05-29T22:34:58.186Z [store-api] info CREATE POST IN CLIENT - {"name":"Teste 1","cpf":"123456789-95","phone":"1144663322","email":"testinho@gmail.com","address":"av testinho 22"}
2022-05-29T23:04:46.207Z [store-api] info CREATE POST IN CLIENT - {"name":"Teste 1","cpf":"123456789-95","phone":"1144663322","email":"testinho@gmail.com","address":"av testinho 22"}
2022-05-30T01:46:33.043Z [store-api] info CREATE POST IN CLIENT - {"name":"Teste 1","cpf":"123456789-95","phone":"1144663322","email":"testinho@gmail.com","address":"av testinho 22"}
2022-05-30T01:59:41.213Z [store-api] info GET POST IN /client
2022-05-30T02:15:49.989Z [store-api] info GET ONE IN /client
2022-05-30T02:15:54.180Z [store-api] info GET ONE IN /client
2022-05-30T02:15:59.812Z [store-api] info GET IN /client
2022-05-30T02:16:08.824Z [store-api] info GET ONE IN /client
2022-05-30T02:16:13.636Z [store-api] info GET ONE IN /client
2022-05-30T02:27:11.912Z [store-api] info GET IN /client
2022-05-30T02:27:14.552Z [store-api] info GET ONE IN /client
2022-05-30T02:28:03.611Z [store-api] info DELETE IN /client
2022-05-30T02:28:10.979Z [store-api] info GET IN /client
2022-05-30T02:28:18.247Z [store-api] info GET ONE IN /client
2022-05-30T02:29:06.073Z [store-api] info DELETE IN /client
2022-05-30T02:29:09.579Z [store-api] info GET IN /client
2022-05-30T02:29:13.647Z [store-api] info GET ONE IN /client
2022-05-30T02:42:44.956Z [store-api] info CREATE POST IN /client - {"name":"Teste 1","cpf":"123456789-95","phone":"1144663322","email":"testinho@gmail.com","address":"av testinho 22"}
2022-05-30T02:42:47.405Z [store-api] info GET IN /client
2022-05-30T02:42:51.503Z [store-api] info GET ONE IN /client
2022-05-30T02:42:54.268Z [store-api] info GET ONE IN /client
2022-05-30T02:44:09.835Z [store-api] error PUT  - syntax error at or near ")"
2022-05-30T02:44:23.044Z [store-api] info GET IN /client
2022-05-30T02:46:34.748Z [store-api] error PUT  - syntax error at or near ")"
2022-05-30T02:46:50.240Z [store-api] error PUT  - client_id is not defined
2022-05-30T02:47:04.534Z [store-api] error PUT  - syntax error at or near ")"
2022-05-30T02:47:37.292Z [store-api] error PUT  - Converting circular structure to JSON
    --> starting at object with constructor 'Socket'
    |     property '_writableState' -> object with constructor 'WritableState'
    |     property 'afterWriteTickInfo' -> object with constructor 'Object'
    --- property 'stream' closes the circle
2022-05-30T02:47:44.268Z [store-api] info GET IN /client
2022-05-30T02:50:04.822Z [store-api] info DELETE IN /client
2022-05-30T02:50:07.953Z [store-api] info GET ONE IN /client
2022-05-30T02:50:10.386Z [store-api] info GET IN /client
2022-05-30T02:50:13.570Z [store-api] error PUT  - Converting circular structure to JSON
    --> starting at object with constructor 'Socket'
    |     property '_writableState' -> object with constructor 'WritableState'
    |     property 'afterWriteTickInfo' -> object with constructor 'Object'
    --- property 'stream' closes the circle
2022-05-30T02:51:23.702Z [store-api] info CREATE POST IN /client - {"name":"Andrade da Silva","cpf":"000.000.000-00","phone":"(11) 9000-0000","email":"andradeSilva@gmail.com","address":"Rua Jose Carlos de Andrade"}
2022-05-30T02:51:32.305Z [store-api] info GET IN /client
2022-05-30T02:51:36.705Z [store-api] info GET ONE IN /client
2022-05-30T02:51:39.880Z [store-api] info GET ONE IN /client
2022-05-30T02:51:44.590Z [store-api] info CREATE POST IN /client - {"name":"Andrade da Silva","cpf":"000.000.000-00","phone":"(11) 9000-0000","email":"andradeSilva@gmail.com","address":"Rua Jose Carlos de Andrade"}
2022-05-30T02:52:31.080Z [store-api] info GET IN /client
2022-05-30T02:53:42.393Z [store-api] error PUT  - Converting circular structure to JSON
    --> starting at object with constructor 'Socket'
    |     property '_writableState' -> object with constructor 'WritableState'
    |     property 'afterWriteTickInfo' -> object with constructor 'Object'
    --- property 'stream' closes the circle
2022-05-30T02:53:47.788Z [store-api] info GET IN /client
2022-05-30T02:53:54.946Z [store-api] info GET ONE IN /client
2022-05-30T02:55:42.780Z [store-api] info PUT IN /client - [object Object]
2022-05-30T02:56:21.078Z [store-api] error PUT  - Converting circular structure to JSON
    --> starting at object with constructor 'Socket'
    |     property '_writableState' -> object with constructor 'WritableState'
    |     property 'afterWriteTickInfo' -> object with constructor 'Object'
    --- property 'stream' closes the circle
2022-05-30T02:57:04.803Z [store-api] info GET IN /client
2022-05-30T02:57:25.071Z [store-api] info PUT IN /client - {"client_id":4,"name":"Andrade da Silva","cpf":"000.000.000-00","phone":"(00) 9000-0000","email":"andradeSilva7@gmail.com","address":"Rua Jose Carlos de Andrade"}
2022-05-30T02:57:57.947Z [store-api] info PUT IN /client - {"client_id":4,"name":"Andrade da Silva","cpf":"000.000.000-00","phone":"(00) 0000-0000","email":"andradeSilva@gmail.com","address":"Rua Jose Carlos de Andrade"}
2022-05-30T13:12:06.681Z [store-api] info GET IN /client
2022-05-30T13:13:02.930Z [store-api] info GET IN /supplier
2022-05-30T13:14:24.122Z [store-api] info CREATE POST IN /supplier - {"name":"E Eletronicos","cnpj":"000.000.000-00","phone":"(11) 9000-0000","email":"andradeSilva@gmail.com","address":"Rua Jose Carlos de Andrade"}
2022-05-30T13:17:15.285Z [store-api] info GET IN /supplier
2022-05-30T13:17:19.435Z [store-api] info GET ONE IN /client
2022-05-30T13:17:26.396Z [store-api] info GET ONE IN /supplier
2022-05-30T13:17:31.413Z [store-api] info DELETE IN /supplier
2022-05-30T13:17:35.819Z [store-api] info GET ONE IN /supplier
2022-05-30T13:17:44.522Z [store-api] info GET IN /supplier
2022-05-30T13:18:14.401Z [store-api] error PUT  - Name, CPNJ, Phone, Email and Address are mandatory
2022-05-30T13:18:53.744Z [store-api] info PUT IN /supplier - {"supplier_id":1,"name":"Andrade da Silva","cnpj":"000.000.000-00","phone":"(00) 0000-0000","email":"andradeSilva@gmail.com","address":"Rua Jose Carlos de Andrade"}
2022-05-30T13:18:57.545Z [store-api] info GET IN /supplier
2022-05-30T13:19:00.732Z [store-api] info GET ONE IN /supplier
2022-05-30T13:19:05.317Z [store-api] info CREATE POST IN /supplier - {"name":"E Eletronicos","cnpj":"000.000.000-00","phone":"(11) 9000-0000","email":"andradeSilva@gmail.com","address":"Rua Jose Carlos de Andrade"}
2022-05-30T13:19:09.720Z [store-api] info GET IN /supplier
2022-05-30T13:19:15.583Z [store-api] info GET ONE IN /supplier
2022-05-30T13:19:20.984Z [store-api] info DELETE IN /supplier
2022-05-30T13:19:23.748Z [store-api] info GET ONE IN /supplier
2022-05-30T13:19:27.439Z [store-api] info GET ONE IN /supplier
2022-05-30T13:19:30.405Z [store-api] info GET IN /supplier
2022-05-30T13:46:33.921Z [store-api] info CREATE POST IN /product - {"name":"Notebook Acer","description":" i7 32gb RAM","value":5000,"stock":10,"supplier_id":2}
2022-05-30T13:46:44.953Z [store-api] info GET IN /product
2022-05-30T13:46:53.450Z [store-api] info GET ONE IN /product
2022-05-30T13:46:58.777Z [store-api] info DELETE IN /product
2022-05-30T13:47:00.520Z [store-api] info GET ONE IN /product
2022-05-30T13:47:00.971Z [store-api] info GET ONE IN /product
2022-05-30T13:47:02.872Z [store-api] info GET IN /product
2022-05-30T13:47:05.457Z [store-api] error PUT  - invalid input syntax for type numeric: "(11) 9000-0000"
2022-05-30T13:48:08.607Z [store-api] info CREATE POST IN /product - {"name":"Notebook Acer","description":" i7 32gb RAM","value":15000,"stock":10,"supplier_id":2}
2022-05-30T13:48:27.974Z [store-api] info GET IN /product
2022-05-30T13:48:33.299Z [store-api] info GET ONE IN /product
2022-05-30T13:48:37.395Z [store-api] info PUT IN /product - {"product_id":2,"name":"Notebook Acer","description":" i7 16gb RAM","value":5000,"stock":10,"supplier_id":2}
2022-05-30T13:48:47.227Z [store-api] info GET IN /product
2022-05-30T13:56:10.441Z [store-api] error POST  - O supplier_id não informado não existe!!!
2022-05-30T13:56:32.149Z [store-api] info CREATE POST IN /product - {"name":"Notebook Lenovo","description":" i7 32gb RAM","value":15000,"stock":10,"supplier_id":2}
2022-05-30T14:25:58.061Z [store-api] info GET IN /product
2022-05-30T14:26:04.300Z [store-api] info GET IN /client
2022-05-30T14:27:51.252Z [store-api] error POST  - SaleService.createSale is not a function
2022-05-30T19:02:35.022Z [store-api] error POST  - SaleService.createSale is not a function
2022-05-30T19:03:42.344Z [store-api] error POST  - invalid input syntax for type numeric: "Notebook Lenovo"
2022-05-30T19:05:15.789Z [store-api] info CREATE POST IN /client - {"name":"Teste do teste","cpf":"000.000.000-00","phone":"(11) 9000-0000","email":"Teste7@gmail.com","address":"Rua Teste Carlos de Teste"}
2022-05-30T19:06:29.668Z [store-api] info CREATE POST IN /supplier - {"name":"E Eletronicos LTDA","cnpj":"00000.000.000-00","phone":"(11) 9000-0000","email":"Eletronicos@gmail.com","address":"São Paulo - SP"}
2022-05-30T19:07:39.913Z [store-api] info CREATE POST IN /product - {"name":"Maouse e Teclado","description":"Gamer Vaches do vachado","value":1000,"stock":200,"supplier_id":3}
2022-05-30T19:08:42.070Z [store-api] error POST  - date/time field value out of range: "30/05/2022"
2022-05-30T19:09:51.872Z [store-api] error POST  - date/time field value out of range: "23-09-2021"
2022-05-30T19:10:29.079Z [store-api] error POST  - date/time field value out of range: "23/09/2021 00:00:00"
2022-05-30T19:10:44.235Z [store-api] info CREATE POST IN /sale - {"value":1000,"date":"01/01/2000 00:00:00","client_id":6,"product_id":4}
2022-05-30T19:11:08.219Z [store-api] error GET  - SaleService.getSales is not a function
2022-05-30T19:11:28.209Z [store-api] error GET  - SaleService.getSales is not a function
2022-05-30T19:12:08.470Z [store-api] error GET  - The first argument must be of type string or an instance of Buffer, ArrayBuffer, or Array or an Array-like Object. Received function getSales
2022-05-30T19:14:19.486Z [store-api] info GET ONE IN /sale
2022-05-30T19:14:25.983Z [store-api] error DELETE  - SaleService.deleteSale is not a function
2022-05-30T19:15:05.068Z [store-api] error PUT  - SaleService.updateSale is not a function
2022-05-30T19:15:43.607Z [store-api] info PUT IN /sale - {"sale_id":1,"product_id":4,"client_id":6,"value":2000,"date":"2000-02-01T02:00:00.000Z"}
2022-05-30T19:15:49.289Z [store-api] info GET ONE IN /sale
2022-05-30T19:23:42.539Z [store-api] info GET ONE IN /sale
2022-05-30T19:23:44.481Z [store-api] error GET  - The first argument must be of type string or an instance of Buffer, ArrayBuffer, or Array or an Array-like Object. Received function getSales
2022-05-30T19:24:46.735Z [store-api] error GET  - The first argument must be of type string or an instance of Buffer, ArrayBuffer, or Array or an Array-like Object. Received function getAllSales
2022-05-30T19:26:20.474Z [store-api] info GET IN /sale
2022-05-30T19:26:28.247Z [store-api] info GET ONE IN /sale
2022-05-30T19:26:31.554Z [store-api] error DELETE  - SaleService.deleteSale is not a function
2022-05-30T19:26:52.711Z [store-api] info DELETE IN /sale
2022-05-30T19:26:55.380Z [store-api] info GET ONE IN /sale
2022-05-30T19:26:57.287Z [store-api] info GET IN /sale
2022-05-30T19:26:59.785Z [store-api] info PUT IN /sale - {"sale_id":1,"product_id":4,"client_id":6,"value":2000,"date":"2000-02-01T02:00:00.000Z"}
2022-05-30T19:27:01.932Z [store-api] info CREATE POST IN /sale - {"value":1000,"date":"01/01/2000 00:00:00","client_id":6,"product_id":4}
2022-05-30T19:27:57.126Z [store-api] info GET IN /sale
2022-05-30T20:02:10.492Z [store-api] error POST  - O Client_id informado não existe
2022-05-30T20:02:15.543Z [store-api] info CREATE POST IN /sale - {"value":1000,"date":"01/01/2000 00:00:00","client_id":6,"product_id":4}
2022-05-30T20:02:37.569Z [store-api] info PUT IN /sale - {"sale_id":1,"product_id":4,"client_id":6,"value":2000,"date":"2000-02-01T02:00:00.000Z"}
2022-05-30T20:02:40.743Z [store-api] error PUT  - O Client_id informado não existe
2022-05-30T20:02:44.942Z [store-api] info PUT IN /sale - {"sale_id":1,"product_id":4,"client_id":6,"value":2000,"date":"2000-02-01T02:00:00.000Z"}
2022-05-30T20:03:18.680Z [store-api] error PUT  - Unexpected number in JSON at position 53
2022-05-30T20:03:25.628Z [store-api] error PUT  - O Client_id informado não existe
2022-05-30T20:03:40.243Z [store-api] error POST  - O Client_id informado não existe
2022-05-30T20:03:49.468Z [store-api] info PUT IN /sale - {"sale_id":1,"product_id":4,"client_id":6,"value":2000,"date":"2000-02-01T02:00:00.000Z"}
2022-05-30T20:27:08.192Z [store-api] info GET IN /product
2022-05-30T20:27:24.164Z [store-api] info CREATE POST IN /sale - {"value":1000,"date":"01/01/2000 00:00:00","client_id":6,"product_id":4}
2022-05-30T20:27:31.536Z [store-api] info GET IN /product
2022-05-30T20:27:37.886Z [store-api] info CREATE POST IN /sale - {"value":1000,"date":"01/01/2000 00:00:00","client_id":6,"product_id":4}
2022-05-30T20:27:42.084Z [store-api] info GET ONE IN /product
2022-05-30T20:27:51.207Z [store-api] info CREATE POST IN /product - {"name":"Maouse e Teclado","description":"Gamer Vaches do vachado","value":1000,"stock":1,"supplier_id":3}
2022-05-30T20:28:06.046Z [store-api] info CREATE POST IN /sale - {"value":1000,"date":"01/01/2000 00:00:00","client_id":6,"product_id":5}
2022-05-30T20:28:11.677Z [store-api] info GET IN /product
2022-05-30T20:28:16.298Z [store-api] error POST  - O product informado não possui estoque
2022-05-31T00:15:59.720Z [store-api] info GET IN /sale
2022-05-31T00:16:04.733Z [store-api] error DELETE  - O id sale informado não existe.
2022-05-31T00:16:47.636Z [store-api] info GET IN /sale
2022-05-31T00:17:00.950Z [store-api] info GET ONE IN /product
2022-05-31T00:17:15.998Z [store-api] info DELETE IN /sale
2022-05-31T00:17:31.769Z [store-api] info GET ONE IN /product
2022-05-31T00:35:05.363Z [store-api] info GET IN /sale
2022-05-31T00:35:22.047Z [store-api] info GET IN /sale
2022-05-31T00:35:28.189Z [store-api] info GET IN /sale
2022-05-31T00:37:13.658Z [store-api] info GET IN /sale
2022-05-31T01:46:24.107Z [store-api] info GET ONE IN /client
2022-05-31T01:46:44.039Z [store-api] info GET ONE IN /client
